<?xml version="1.0" encoding="windows-1252" standalone="no"?>
<!DOCTYPE log SYSTEM "logger.dtd">
<log>
<record>
  <date>2016-01-04T15:10:17</date>
  <millis>1451916617405</millis>
  <sequence>4279</sequence>
  <level>WARNING</level>
  <class>goal.tools.logging.GOALLogger</class>
  <method>log</method>
  <thread>24</thread>
  <message>environment deleted entity car0. Debugger will kill agent(s) [elevator]</message>
</record>
<record>
  <date>2016-01-04T15:10:17</date>
  <millis>1451916617413</millis>
  <sequence>4281</sequence>
  <level>WARNING</level>
  <class>goal.tools.logging.GOALLogger</class>
  <method>log</method>
  <thread>24</thread>
  <message>environment deleted entity car1. Debugger will kill agent(s) [elevator_0]</message>
</record>
<record>
  <date>2016-01-04T15:10:17</date>
  <millis>1451916617413</millis>
  <sequence>4283</sequence>
  <level>WARNING</level>
  <class>goal.tools.logging.GOALLogger</class>
  <method>log</method>
  <thread>24</thread>
  <message>environment deleted entity car2. Debugger will kill agent(s) [elevator_1]</message>
</record>
<record>
  <date>2016-01-04T15:10:17</date>
  <millis>1451916617414</millis>
  <sequence>4285</sequence>
  <level>WARNING</level>
  <class>goal.tools.logging.GOALLogger</class>
  <method>log</method>
  <thread>27</thread>
  <message>Failed to get percepts from environment.</message>
  <exception>
    <message>eis.exceptions.PerceiveException: Agent "elevator" has no associated entities.</message>
    <frame>
      <class>eis.EIDefaultImpl</class>
      <method>getAllPercepts</method>
      <line>824</line>
    </frame>
    <frame>
      <class>goal.core.runtime.service.environment.LocalMessagingEnvironment$Messages2Environment</class>
      <method>invoke</method>
      <line>232</line>
    </frame>
    <frame>
      <class>goal.core.runtime.service.environmentport.actions.GetPercepts</class>
      <method>invoke</method>
      <line>37</line>
    </frame>
    <frame>
      <class>goal.core.runtime.service.environment.LocalMessagingEnvironment$Messages2Environment</class>
      <method>handleAction</method>
      <line>164</line>
    </frame>
    <frame>
      <class>goal.core.runtime.service.environment.LocalMessagingEnvironment$Messages2Environment</class>
      <method>run</method>
      <line>149</line>
    </frame>
    <frame>
      <class>java.lang.Thread</class>
      <method>run</method>
    </frame>
  </exception>
</record>
<record>
  <date>2016-01-04T15:10:17</date>
  <millis>1451916617431</millis>
  <sequence>4286</sequence>
  <level>WARNING</level>
  <class>goal.tools.logging.GOALLogger</class>
  <method>log</method>
  <thread>27</thread>
  <message>elevator was terminated</message>
  <exception>
    <message>java.util.concurrent.ExecutionException: Agent was killed by debugger</message>
    <frame>
      <class>goal.core.agent.GOALInterpreter$1</class>
      <method>run</method>
      <line>159</line>
    </frame>
    <frame>
      <class>java.util.concurrent.ThreadPoolExecutor</class>
      <method>runWorker</method>
    </frame>
    <frame>
      <class>java.util.concurrent.ThreadPoolExecutor$Worker</class>
      <method>run</method>
    </frame>
    <frame>
      <class>java.lang.Thread</class>
      <method>run</method>
    </frame>
  </exception>
</record>
<record>
  <date>2016-01-04T15:10:17</date>
  <millis>1451916617684</millis>
  <sequence>4287</sequence>
  <level>WARNING</level>
  <class>goal.tools.logging.GOALLogger</class>
  <method>log</method>
  <thread>28</thread>
  <message>elevator_1 was terminated</message>
  <exception>
    <message>java.util.concurrent.ExecutionException: Agent was killed by debugger</message>
    <frame>
      <class>goal.core.agent.GOALInterpreter$1</class>
      <method>run</method>
      <line>159</line>
    </frame>
    <frame>
      <class>java.util.concurrent.ThreadPoolExecutor</class>
      <method>runWorker</method>
    </frame>
    <frame>
      <class>java.util.concurrent.ThreadPoolExecutor$Worker</class>
      <method>run</method>
    </frame>
    <frame>
      <class>java.lang.Thread</class>
      <method>run</method>
    </frame>
  </exception>
</record>
<record>
  <date>2016-01-04T15:10:17</date>
  <millis>1451916617686</millis>
  <sequence>4288</sequence>
  <level>WARNING</level>
  <class>goal.tools.logging.GOALLogger</class>
  <method>log</method>
  <thread>39</thread>
  <message>elevator_0 was terminated</message>
  <exception>
    <message>java.util.concurrent.ExecutionException: Agent was killed by debugger</message>
    <frame>
      <class>goal.core.agent.GOALInterpreter$1</class>
      <method>run</method>
      <line>159</line>
    </frame>
    <frame>
      <class>java.util.concurrent.ThreadPoolExecutor</class>
      <method>runWorker</method>
    </frame>
    <frame>
      <class>java.util.concurrent.ThreadPoolExecutor$Worker</class>
      <method>run</method>
    </frame>
    <frame>
      <class>java.lang.Thread</class>
      <method>run</method>
    </frame>
  </exception>
</record>
